C:\Program Files (x86)\Microsoft Visual Studio\2017\Community\Common7\IDE\VC\VCTargets\Microsoft.CppBuild.targets(377,5): warning MSB8004: El directorio Output no termina con una barra diagonal final. Esta instancia de compilación agregará la barra diagonal porque es necesaria para que se pueda evaluar correctamente el directorio Output.
  super_material.cpp
  custommaterialcube.cc
c:\users\jimenezga\documents\programacion\2pg_ma_jimenezga_20\edk_workspace_custommaterial\src\custommaterialcube.cc(74): warning C4244: 'argumento': conversión de 'double' a 'float'; posible pérdida de datos
  Generando código...
c:\users\jimenezga\documents\programacion\2pg_ma_jimenezga_20\edk_workspace_custommaterial\include\se\super_material.cpp(160): warning C4715: 'SuperMaterial::attribute_at_index': no todas las rutas de acceso de control devuelven un valor
c:\users\jimenezga\documents\programacion\2pg_ma_jimenezga_20\edk_workspace_custommaterial\include\se\super_material.cpp(172): warning C4715: 'SuperMaterial::attribute_type_at_index': no todas las rutas de acceso de control devuelven un valor
super_material.obj : warning LNK4049: se importó el símbolo ___glewGetProgramiv definido localmente
ESAT_d.lib(draw.obj) : warning LNK4099: no se encontró PDB 'ESAT_d.pdb' con 'ESAT_d.lib(draw.obj)' o en 'C:\Users\jimenezga\Documents\Programacion\2pg_ma_jimenezga_20\EDK_workspace_custommaterial\bin\ESAT_d.pdb'; se vinculará el objeto sin tener en cuenta información de depuración
ESAT_d.lib(input.obj) : warning LNK4099: no se encontró PDB 'ESAT_d.pdb' con 'ESAT_d.lib(input.obj)' o en 'C:\Users\jimenezga\Documents\Programacion\2pg_ma_jimenezga_20\EDK_workspace_custommaterial\bin\ESAT_d.pdb'; se vinculará el objeto sin tener en cuenta información de depuración
ESAT_d.lib(math.obj) : warning LNK4099: no se encontró PDB 'ESAT_d.pdb' con 'ESAT_d.lib(math.obj)' o en 'C:\Users\jimenezga\Documents\Programacion\2pg_ma_jimenezga_20\EDK_workspace_custommaterial\bin\ESAT_d.pdb'; se vinculará el objeto sin tener en cuenta información de depuración
ESAT_d.lib(time.obj) : warning LNK4099: no se encontró PDB 'ESAT_d.pdb' con 'ESAT_d.lib(time.obj)' o en 'C:\Users\jimenezga\Documents\Programacion\2pg_ma_jimenezga_20\EDK_workspace_custommaterial\bin\ESAT_d.pdb'; se vinculará el objeto sin tener en cuenta información de depuración
ESAT_d.lib(window.obj) : warning LNK4099: no se encontró PDB 'ESAT_d.pdb' con 'ESAT_d.lib(window.obj)' o en 'C:\Users\jimenezga\Documents\Programacion\2pg_ma_jimenezga_20\EDK_workspace_custommaterial\bin\ESAT_d.pdb'; se vinculará el objeto sin tener en cuenta información de depuración
ESAT_d.lib(edk_matcustom.obj) : warning LNK4099: no se encontró PDB 'ESAT_d.pdb' con 'ESAT_d.lib(edk_matcustom.obj)' o en 'C:\Users\jimenezga\Documents\Programacion\2pg_ma_jimenezga_20\EDK_workspace_custommaterial\bin\ESAT_d.pdb'; se vinculará el objeto sin tener en cuenta información de depuración
ESAT_d.lib(edk_camera.obj) : warning LNK4099: no se encontró PDB 'ESAT_d.pdb' con 'ESAT_d.lib(edk_camera.obj)' o en 'C:\Users\jimenezga\Documents\Programacion\2pg_ma_jimenezga_20\EDK_workspace_custommaterial\bin\ESAT_d.pdb'; se vinculará el objeto sin tener en cuenta información de depuración
ESAT_d.lib(edk_drawable.obj) : warning LNK4099: no se encontró PDB 'ESAT_d.pdb' con 'ESAT_d.lib(edk_drawable.obj)' o en 'C:\Users\jimenezga\Documents\Programacion\2pg_ma_jimenezga_20\EDK_workspace_custommaterial\bin\ESAT_d.pdb'; se vinculará el objeto sin tener en cuenta información de depuración
ESAT_d.lib(edk_geometry.obj) : warning LNK4099: no se encontró PDB 'ESAT_d.pdb' con 'ESAT_d.lib(edk_geometry.obj)' o en 'C:\Users\jimenezga\Documents\Programacion\2pg_ma_jimenezga_20\EDK_workspace_custommaterial\bin\ESAT_d.pdb'; se vinculará el objeto sin tener en cuenta información de depuración
ESAT_d.lib(edk_gpumanager.obj) : warning LNK4099: no se encontró PDB 'ESAT_d.pdb' con 'ESAT_d.lib(edk_gpumanager.obj)' o en 'C:\Users\jimenezga\Documents\Programacion\2pg_ma_jimenezga_20\EDK_workspace_custommaterial\bin\ESAT_d.pdb'; se vinculará el objeto sin tener en cuenta información de depuración
ESAT_d.lib(edk_gpuresources.obj) : warning LNK4099: no se encontró PDB 'ESAT_d.pdb' con 'ESAT_d.lib(edk_gpuresources.obj)' o en 'C:\Users\jimenezga\Documents\Programacion\2pg_ma_jimenezga_20\EDK_workspace_custommaterial\bin\ESAT_d.pdb'; se vinculará el objeto sin tener en cuenta información de depuración
ESAT_d.lib(edk_material.obj) : warning LNK4099: no se encontró PDB 'ESAT_d.pdb' con 'ESAT_d.lib(edk_material.obj)' o en 'C:\Users\jimenezga\Documents\Programacion\2pg_ma_jimenezga_20\EDK_workspace_custommaterial\bin\ESAT_d.pdb'; se vinculará el objeto sin tener en cuenta información de depuración
ESAT_d.lib(edk_node.obj) : warning LNK4099: no se encontró PDB 'ESAT_d.pdb' con 'ESAT_d.lib(edk_node.obj)' o en 'C:\Users\jimenezga\Documents\Programacion\2pg_ma_jimenezga_20\EDK_workspace_custommaterial\bin\ESAT_d.pdb'; se vinculará el objeto sin tener en cuenta información de depuración
ESAT_d.lib(edk_rendertarget.obj) : warning LNK4099: no se encontró PDB 'ESAT_d.pdb' con 'ESAT_d.lib(edk_rendertarget.obj)' o en 'C:\Users\jimenezga\Documents\Programacion\2pg_ma_jimenezga_20\EDK_workspace_custommaterial\bin\ESAT_d.pdb'; se vinculará el objeto sin tener en cuenta información de depuración
ESAT_d.lib(nanovg.obj) : warning LNK4099: no se encontró PDB 'ESAT_d.pdb' con 'ESAT_d.lib(nanovg.obj)' o en 'C:\Users\jimenezga\Documents\Programacion\2pg_ma_jimenezga_20\EDK_workspace_custommaterial\bin\ESAT_d.pdb'; se vinculará el objeto sin tener en cuenta información de depuración
ESAT_d.lib(glew.obj) : warning LNK4099: no se encontró PDB 'ESAT_d.pdb' con 'ESAT_d.lib(glew.obj)' o en 'C:\Users\jimenezga\Documents\Programacion\2pg_ma_jimenezga_20\EDK_workspace_custommaterial\bin\ESAT_d.pdb'; se vinculará el objeto sin tener en cuenta información de depuración
ESAT_d.lib(context.obj) : warning LNK4099: no se encontró PDB 'ESAT_d.pdb' con 'ESAT_d.lib(context.obj)' o en 'C:\Users\jimenezga\Documents\Programacion\2pg_ma_jimenezga_20\EDK_workspace_custommaterial\bin\ESAT_d.pdb'; se vinculará el objeto sin tener en cuenta información de depuración
ESAT_d.lib(init.obj) : warning LNK4099: no se encontró PDB 'ESAT_d.pdb' con 'ESAT_d.lib(init.obj)' o en 'C:\Users\jimenezga\Documents\Programacion\2pg_ma_jimenezga_20\EDK_workspace_custommaterial\bin\ESAT_d.pdb'; se vinculará el objeto sin tener en cuenta información de depuración
ESAT_d.lib(input.obj) : warning LNK4099: no se encontró PDB 'ESAT_d.pdb' con 'ESAT_d.lib(input.obj)' o en 'C:\Users\jimenezga\Documents\Programacion\2pg_ma_jimenezga_20\EDK_workspace_custommaterial\bin\ESAT_d.pdb'; se vinculará el objeto sin tener en cuenta información de depuración
ESAT_d.lib(monitor.obj) : warning LNK4099: no se encontró PDB 'ESAT_d.pdb' con 'ESAT_d.lib(monitor.obj)' o en 'C:\Users\jimenezga\Documents\Programacion\2pg_ma_jimenezga_20\EDK_workspace_custommaterial\bin\ESAT_d.pdb'; se vinculará el objeto sin tener en cuenta información de depuración
ESAT_d.lib(window.obj) : warning LNK4099: no se encontró PDB 'ESAT_d.pdb' con 'ESAT_d.lib(window.obj)' o en 'C:\Users\jimenezga\Documents\Programacion\2pg_ma_jimenezga_20\EDK_workspace_custommaterial\bin\ESAT_d.pdb'; se vinculará el objeto sin tener en cuenta información de depuración
ESAT_d.lib(win32_init.obj) : warning LNK4099: no se encontró PDB 'ESAT_d.pdb' con 'ESAT_d.lib(win32_init.obj)' o en 'C:\Users\jimenezga\Documents\Programacion\2pg_ma_jimenezga_20\EDK_workspace_custommaterial\bin\ESAT_d.pdb'; se vinculará el objeto sin tener en cuenta información de depuración
ESAT_d.lib(win32_monitor.obj) : warning LNK4099: no se encontró PDB 'ESAT_d.pdb' con 'ESAT_d.lib(win32_monitor.obj)' o en 'C:\Users\jimenezga\Documents\Programacion\2pg_ma_jimenezga_20\EDK_workspace_custommaterial\bin\ESAT_d.pdb'; se vinculará el objeto sin tener en cuenta información de depuración
ESAT_d.lib(win32_time.obj) : warning LNK4099: no se encontró PDB 'ESAT_d.pdb' con 'ESAT_d.lib(win32_time.obj)' o en 'C:\Users\jimenezga\Documents\Programacion\2pg_ma_jimenezga_20\EDK_workspace_custommaterial\bin\ESAT_d.pdb'; se vinculará el objeto sin tener en cuenta información de depuración
ESAT_d.lib(win32_tls.obj) : warning LNK4099: no se encontró PDB 'ESAT_d.pdb' con 'ESAT_d.lib(win32_tls.obj)' o en 'C:\Users\jimenezga\Documents\Programacion\2pg_ma_jimenezga_20\EDK_workspace_custommaterial\bin\ESAT_d.pdb'; se vinculará el objeto sin tener en cuenta información de depuración
ESAT_d.lib(win32_window.obj) : warning LNK4099: no se encontró PDB 'ESAT_d.pdb' con 'ESAT_d.lib(win32_window.obj)' o en 'C:\Users\jimenezga\Documents\Programacion\2pg_ma_jimenezga_20\EDK_workspace_custommaterial\bin\ESAT_d.pdb'; se vinculará el objeto sin tener en cuenta información de depuración
ESAT_d.lib(wgl_context.obj) : warning LNK4099: no se encontró PDB 'ESAT_d.pdb' con 'ESAT_d.lib(wgl_context.obj)' o en 'C:\Users\jimenezga\Documents\Programacion\2pg_ma_jimenezga_20\EDK_workspace_custommaterial\bin\ESAT_d.pdb'; se vinculará el objeto sin tener en cuenta información de depuración
ESAT_d.lib(winmm_joystick.obj) : warning LNK4099: no se encontró PDB 'ESAT_d.pdb' con 'ESAT_d.lib(winmm_joystick.obj)' o en 'C:\Users\jimenezga\Documents\Programacion\2pg_ma_jimenezga_20\EDK_workspace_custommaterial\bin\ESAT_d.pdb'; se vinculará el objeto sin tener en cuenta información de depuración
ESAT_extra_d.lib(imgui.obj) : warning LNK4099: no se encontró PDB 'ESAT_extra_d.pdb' con 'ESAT_extra_d.lib(imgui.obj)' o en 'C:\Users\jimenezga\Documents\Programacion\2pg_ma_jimenezga_20\EDK_workspace_custommaterial\bin\ESAT_extra_d.pdb'; se vinculará el objeto sin tener en cuenta información de depuración
ESAT_extra_d.lib(imgui.obj) : warning LNK4099: no se encontró PDB 'ESAT_extra_d.pdb' con 'ESAT_extra_d.lib(imgui.obj)' o en 'C:\Users\jimenezga\Documents\Programacion\2pg_ma_jimenezga_20\EDK_workspace_custommaterial\bin\ESAT_extra_d.pdb'; se vinculará el objeto sin tener en cuenta información de depuración
ESAT_extra_d.lib(imgui_draw.obj) : warning LNK4099: no se encontró PDB 'ESAT_extra_d.pdb' con 'ESAT_extra_d.lib(imgui_draw.obj)' o en 'C:\Users\jimenezga\Documents\Programacion\2pg_ma_jimenezga_20\EDK_workspace_custommaterial\bin\ESAT_extra_d.pdb'; se vinculará el objeto sin tener en cuenta información de depuración
  EDK_custommaterial.vcxproj -> C:\Users\jimenezga\Documents\Programacion\2pg_ma_jimenezga_20\EDK_workspace_custommaterial\project\VS2015\EDK_custommaterial\..\..\..\bin\EDK_custommaterial.exe
